HighwayLayerLogX,"N:\MTS\Working\Modeling\Network Rebuild 2018\NetworkReviews\8-1-19 no walk\no_walk_network\no_walk_network.net",8,25,8/13/2019 12:52:15 PM
Node,model_node_id,X,Y,osm_node_id,drive_node,walk_node,bike_node,transit_node
Link,A,B,model_link_id,county,trn_priority,area_type,HOV_access,aadt,count_AM,count_MD,count_PM,count_NT,count_daily,assign_group,lanes,centroidconnect,roadway_class,bike_facility,drive_access,walk_access,bike_access,transit_access,distance,ttime_assert
N,A,0,354386,-93.14412,44.87497,"",1,1,1,0
L,D,0,4336,16214,2171,3,0,2,0,770,192,192,192,192,770,7,1,0,20,3,1,1,1,0,0.3903,0
L,D,0,16214,4336,25856,3,0,2,0,0,0,0,0,0,0,1,1,0,10,3,1,1,1,0,0.3903,0
L,A,0,4336,354386,2171,3,0,2,0,770,192,192,192,192,770,7,1,0,20,3,1,1,1,0,0.25829,0
L,A,0,354386,16214,2171,3,0,2,0,770,192,192,192,192,770,7,1,0,20,3,1,1,1,0,0.13201,0
L,A,0,16214,354386,25856,3,0,2,0,0,0,0,0,0,0,1,1,0,10,3,1,1,1,0,0.13201,0
L,A,0,354386,4336,25856,3,0,2,0,0,0,0,0,0,0,1,1,0,10,3,1,1,1,0,0.25829,0
N,A,1,354387,-93.14189,44.87499,"",1,1,1,0
L,D,1,4336,354386,2171,3,0,2,0,770,192,192,192,192,770,7,1,0,20,3,1,1,1,0,0.25829,0
L,D,1,354386,4336,25856,3,0,2,0,0,0,0,0,0,0,1,1,0,10,3,1,1,1,0,0.25829,0
L,A,1,4336,354387,2171,3,0,2,0,770,192,192,192,192,770,7,1,0,20,3,1,1,1,0,0.14848,0
L,A,1,354387,354386,2171,3,0,2,0,770,192,192,192,192,770,7,1,0,20,3,1,1,1,0,0.10981,0
L,A,1,354386,354387,25856,3,0,2,0,0,0,0,0,0,0,1,1,0,10,3,1,1,1,0,0.10981,0
L,A,1,354387,4336,25856,3,0,2,0,0,0,0,0,0,0,1,1,0,10,3,1,1,1,0,0.14848,0
N,A,2,354388,-93.14239,44.87644,"",1,0,0,0
L,D,2,12590,13931,383747,3,0,2,0,0,0,0,0,0,0,2,2,0,30,0,1,0,0,0,0.87286,0
L,A,2,12590,354388,383747,3,0,2,0,0,0,0,0,0,0,2,2,0,30,0,1,0,0,0,0.31299,0
L,A,2,354388,13931,383747,3,0,2,0,0,0,0,0,0,0,2,2,0,30,0,1,0,0,0,0.55987,0
N,A,0,354389,-93.14322,44.87414,"",1,0,0,0
L,D,0,12590,354388,383747,3,0,2,0,0,0,0,0,0,0,2,2,0,30,0,1,0,0,0,0.31299,0
L,A,0,12590,354389,383747,3,0,2,0,0,0,0,0,0,0,2,2,0,30,0,1,0,0,0,0.15228,0
L,A,0,354389,354388,383747,3,0,2,0,0,0,0,0,0,0,2,2,0,30,0,1,0,0,0,0.16071,0
N,A,1,354390,-93.14273,44.87648,"",1,0,0,0
L,D,1,12655,14248,383790,3,0,2,0,0,0,0,0,0,0,1,3,0,10,0,1,0,0,0,0.79194,0
L,A,1,12655,354390,383790,3,0,2,0,0,0,0,0,0,0,1,3,0,10,0,1,0,0,0,0.21899,0
L,A,1,354390,14248,383790,3,0,2,0,0,0,0,0,0,0,1,3,0,10,0,1,0,0,0,0.57296,0
N,A,2,354391,-93.14333,44.87429,"",1,0,0,0
L,D,2,354390,14248,383790,3,0,2,0,0,0,0,0,0,0,1,3,0,10,0,1,0,0,0,0.57296,0
L,A,2,354390,354391,383790,3,0,2,0,0,0,0,0,0,0,1,3,0,10,0,1,0,0,0,0.15293,0
L,A,2,354391,14248,383790,3,0,2,0,0,0,0,0,0,0,1,3,0,10,0,1,0,0,0,0.42003,0
N,C,0;354391,-93.14382,44.87355;"";1;0;0;0
L,C,0;354390;354391;383790;3;0;2;0;0;0;0;0;0;0;1;3;0;10;0;1;0;0;0;0.21108;0
L,C,0;354391;14248;383790;3;0;2;0;0;0;0;0;0;0;1;3;0;10;0;1;0;0;0;0.36316;0
L,A,1,354387,354388,384040,3,0,2,0,0,0,0,0,0,0,5,2,0,40,0,1,0,0,0,0.09188,0
L,A,2,354390,354386,384040,3,0,2,0,0,0,0,0,0,0,5,2,0,40,0,1,0,0,0,0.12286,0
L,A,0,354386,354391,384040,3,0,2,0,0,0,0,0,0,0,5,2,0,40,0,1,0,0,0,0.08689,0
L,A,1,354389,354387,384040,3,0,2,0,0,0,0,0,0,0,5,2,0,40,0,1,0,0,0,0.09431,0
