HighwayLayerLogX,"C:\projects\met_council_git\data\test_new_network_outputs\ml_test.net",8,62,3/18/2020 4:24:29 PM
Node,N,OSM_NODE_ID[10],BIKE_NODE,TRANSIT_NODE,WALK_NODE,DRIVE_NODE,X,Y
Link,A,B,LINK_ID,SHSTGEOMETRYID[32],DISTANCE,ROADWAY[33],NAME[111],ROADWAY_CLASS,BIKE_ACCESS,TRANSIT_ACCESS,WALK_ACCESS,DRIVE_ACCESS,TRUCK_ACCESS,TRN_PRIORITY_AM,TRN_PRIORITY_MD,TRN_PRIORITY_PM,TRN_PRIORITY_NT,TTIME_ASSERT_AM,TTIME_ASSERT_MD,TTIME_ASSERT_PM,TTIME_ASSERT_NT,LANES_AM,LANES_MD,LANES_PM,LANES_NT,PRICE_SOV_AM,PRICE_HOV2_AM,PRICE_HOV3_AM,PRICE_TRUCK_AM,PRICE_SOV_MD,PRICE_HOV2_MD,PRICE_HOV3_MD,PRICE_TRUCK_MD,PRICE_SOV_PM,PRICE_HOV2_PM,PRICE_HOV3_PM,PRICE_TRUCK_PM,PRICE_SOV_NT,PRICE_HOV2_NT,PRICE_HOV3_NT,PRICE_TRUCK_NT,ASSIGN_GROUP,ACCESS_AM[15],ACCESS_MD[15],ACCESS_PM[15],ACCESS_NT[15],MPO,AREA_TYPE,COUNTY,CENTROIDCONNECT,AADT,COUNT_YEAR,COUNT_AM,COUNT_MD,COUNT_PM,COUNT_NT,COUNT_DAILY,HOV,ML_LANES_AM,ML_LANES_MD,ML_LANES_PM,ML_LANES_NT
L,C,0;149137;142318;416366;"65dc2cbfada8a6036b6e47dc1ddd3cde",0.9789;"                         motorway";"";10;0;0;0;1;1;0;0;0;0;0;0;0;0,2;3;3;3;0;0;0;0;0;0;0;0;0;0;0;0;0;0;0;0;2;"";"";"";"";1;2;4;0;0;2017;0;0;0;0;0,5,1;0;0;0
L,C,1;142318;3755;414813;"55c1e370091c2e615b8fb0d9e63e06a4",0.5815;"                         motorway";"";10;0;0;0;1;1;0;0;0;0;0;0;0;0,2;3;3;3;0;0;0;0;0;0;0;0;0;0;0;0;0;0;0;0;2;"";"";"";"";1;2;4;0;56000;2017;14000;14000;14000;14000;56000,5,1;0;0;0
L,C,2;3755;3635;381248;"428f7001fd947b0a9add231a6b06a68c",0.5421;"                         motorway";"";10;0;0;0;1;1;0;0;0;0;0;0;0;0,2;3;3;3;0;0;0;0;0;0;0;0;0;0;0;0;0;0;0;0;2;"";"";"";"";1;2;4;0;0;2017;0;0;0;0;0,5,1;0;0;0
L,C,0;3635;156008;381223;"85d1b20a788de50780718ce31ca2e9d1",0.348;"                         motorway";"";10;0;0;0;1;1;0;0;0;0;0;0;0;0,2;3;3;3;0;0;0;0;0;0;0;0;0;0;0;0;0;0;0;0;2;"";"";"";"";1;2;4;0;0;2017;0;0;0;0;0,5,1;0;0;0
L,C,1;156008;159999;417878;"9b88470bb8b2ef7d5f6057885bcd2a24",1.235;"                         motorway";"";10;0;0;0;1;1;0;0;0;0;0;0;0;0,2;3;3;3;0;0;0;0;0;0;0;0;0;0;0;0;0;0;0;0;1;"";"";"";"";1;2;4;0;74000;2017;18500;18500;18500;18500;74000,5,1;0;0;0
L,C,2;159999;159823;418556;"4fe02f816dd990c17dfeb8d1368cf9d0",0.143;"                         motorway";"";10;0;0;0;1;1;0;0;0;0;0;0;0;0,2;3;3;3;0;0;0;0;0;0;0;0;0;0;0;0;0;0;0;0;1;"";"";"";"";1;2;4;0;0;2017;0;0;0;0;0,5,1;0;0;0
L,C,0;159823;162092;418512;"7901a1b08e617827af821de9af3b81fe",0.1124;"                         motorway";"";10;0;0;0;1;1;0;0;0;0;0;0;0;0,2;3;3;3;0;0;0;0;0;0;0;0;0;0;0;0;0;0;0;0;1;"";"";"";"";1;2;4;0;85000;2017;21250;21250;21250;21250;85000,5,1;0;0;0
L,C,1;162092;162142;419032;"04ebb6f855058f2a096a64fcf360820c",0.6105;"                         motorway";"";10;0;0;0;1;1;0;0;0;0;0;0;0;0,2;3;3;3;0;0;0;0;0;0;0;0;0;0;0;0;0;0;0;0;1;"";"";"";"";1;2;4;0;0;2017;0;0;0;0;0,5,1;0;0;0
L,C,2;162142;162131;419044;"faa8c570add7ce06a432209a93a841ba",0.5326;"                         motorway";"";10;0;0;0;1;1;0;0;0;0;0;0;0;0,2;3;3;3;0;0;0;0;0;0;0;0;0;0;0;0;0;0;0;0;1;"";"";"";"";1;2;4;0;102000;2017;25500;25500;25500;25500;102000,5,1;0;0;0
L,C,0;162131;164566;419040;"1a087b204be7ede75607d63b8a108330",0.1684;"                         motorway";"";10;0;0;0;1;1;0;0;0;0;0;0;0;0,2;3;3;3;0;0;0;0;0;0;0;0;0;0;0;0;0;0;0;0;1;"";"";"";"";1;2;4;0;0;2017;0;0;0;0;0,5,1;0;0;0
L,C,1;164566;164563;419637;"6ef8b5ca536e90ef0a9e2364ec4b6106",0.3964;"                         motorway";"";10;0;0;0;1;1;0;0;0;0;0;0;0;0,2;3;3;3;0;0;0;0;0;0;0;0;0;0;0;0;0;0;0;0;1;"";"";"";"";1;2;4;0;0;2017;0;0;0;0;0,5,1;0;0;0
L,C,2;164563;156390;419634;"8b795eb0fa71461996298d2d37ee7ad7",0.213;"                         motorway";"";10;0;0;0;1;1;0;0;0;0;0;0;0;0,2;3;3;3;0;0;0;0;0;0;0;0;0;0;0;0;0;0;0;0;1;"";"";"";"";1;2;4;0;108000;2017;27000;27000;27000;27000;108000,5,1;0;0;0
L,C,0;156390;167859;417947;"4c3f1cd370f85e80cdbc526df1fe9145",1.4644;"                         motorway";"";10;0;0;0;1;1;0;0;0;0;0;0;0;0,2;3;3;3;0;0;0;0;0;0;0;0;0;0;0;0;0;0;0;0;1;"";"";"";"";1;3;4;0;0;2017;0;0;0;0;0,5,1;0;0;0
L,C,1;167859;167857;420448;"95410f919a49235becb0974975e144a3",0.2964;"                         motorway";"";10;0;0;0;1;1;0;0;0;0;0;0;0;0,2;3;3;3;0;0;0;0;0;0;0;0;0;0;0;0;0;0;0;0;1;"";"";"";"";1;3;4;0;0;2017;0;0;0;0;0,5,1;0;0;0
L,C,2;167857;53546;420447;"f5ddb29cc1bfce64b6cd8fb6fd6787c8",0.5083;"                         motorway";"";10;0;0;0;1;1;0;0;0;0;0;0;0;0,2;3;3;3;0;0;0;0;0;0;0;0;0;0;0;0;0;0;0;0;1;"";"";"";"";1;3;4;0;0;2017;0;0;0;0;0,5,1;0;0;0
L,C,0;53546;53554;394057;"a241e100d0183672b251ce47aa9be81a",0.1791;"                         motorway";"";10;0;0;0;1;1;0;0;0;0;0;0;0;0,2;3;3;3;0;0;0;0;0;0;0;0;0;0;0;0;0;0;0;0;1;"";"";"";"";1;3;4;0;0;2017;0;0;0;0;0,5,1;0;0;0
L,C,1;53554;53558;394060;"58600f8d727a907742f33c12926313aa",0.1769;"                         motorway";"";10;0;0;0;1;1;0;0;0;0;0;0;0;0,2;3;3;3;0;0;0;0;0;0;0;0;0;0;0;0;0;0;0;0;1;"";"";"";"";1;4;4;0;0;2017;0;0;0;0;0,5,1;0;0;0
L,C,2;53558;97783;394063;"effe6c7fe4ed12f73dd886f10e1b7229",0.3925;"                         motorway";"";10;0;0;0;1;1;0;0;0;0;0;0;0;0,2;3;3;3;0;0;0;0;0;0;0;0;0;0;0;0;0;0;0;0;1;"";"";"";"";1;4;4;0;0;2017;0;0;0;0;0,5,1;0;0;0
