HighwayLayerLogX,"N:\MTS\Working\Modeling\Network Rebuild 2018\NetworkReviews\8-1-19 no walk\no_walk_network\no_walk_network.net",8,25,8/13/2019 12:46:46 PM
Node,model_node_id,X,Y,osm_node_id,drive_node,walk_node,bike_node,transit_node
Link,A,B,model_link_id,county,transit_priority,area_type,HOV_access,aadt,count_AM,count_MD,count_PM,count_NT,count_daily,assignment_group,lanes,centroid_connector,roadway_class,bike_facility,drive_access,walk_access,bike_access,transit_access,distance,traveltime_assert
L,D,0,83809,65725,400522,5,0,4,0,0,0,0,0,0,0,5,1,0,40,3,1,1,1,0,0.10462,0
N,A,1,354386,-93.17178,44.96917,"",1,1,1,0
L,A,1,65718,354386,142533,5,0,4,0,0,0,0,0,0,0,7,1,0,10,3,1,1,1,0,0.09831,0
N,A,2,354387,-93.17424,44.96912,"",0,0,0,0
L,A,2,354386,354387,142533,5,0,4,0,0,0,0,0,0,0,7,1,0,10,3,1,1,1,0,0.14744,0
N,A,0,354388,-93.18389,44.96898,"",0,0,0,0
L,A,0,354387,354388,142533,5,0,4,0,0,0,0,0,0,0,7,1,0,10,3,1,1,1,0,0.57787,0
N,A,1,354389,-93.18588,44.96755,"",1,1,1,0
L,A,1,354388,354389,142533,5,0,4,0,0,0,0,0,0,0,7,1,0,10,3,1,1,1,0,0.14667,0
L,A,2,354389,55960,142533,5,0,4,0,0,0,0,0,0,0,7,1,0,10,3,1,1,1,0,0.08827,0
L,D,0,55960,55968,119588,5,0,4,0,10200,2550,2550,2550,2550,10200,7,1,0,10,3,1,1,1,0,0.29338,0
L,D,0,55968,55960,119603,5,0,4,0,0,0,0,0,0,0,6,1,0,40,3,1,1,1,0,0.29338,0
L,D,1,31791,55968,61312,5,0,4,0,0,0,0,0,0,0,7,1,0,10,3,1,1,1,0,0.05192,0
L,D,1,55968,31791,119601,5,0,4,0,0,0,0,0,0,0,6,1,0,40,3,1,1,1,0,0.05192,0
L,D,2,31791,76606,61313,5,0,4,0,0,0,0,0,0,0,6,1,0,40,3,1,1,1,0,0.19677,0
L,D,2,76606,31791,166735,5,0,4,0,0,0,0,0,0,0,7,1,0,10,3,1,1,1,0,0.19677,0
L,D,0,70662,31791,153591,5,0,4,0,0,0,0,0,0,0,5,1,0,40,3,1,1,1,0,0.06865,0
L,D,1,76606,83809,166734,5,0,4,0,12200,3050,3050,3050,3050,12200,6,1,0,40,0,1,0,0,0,0.26458,0
L,D,1,83809,76606,182587,5,0,4,0,0,0,0,0,0,0,7,1,0,10,0,1,0,0,0,0.26458,0
N,A,2,354390,-93.18562,44.96746,"",1,1,1,0
L,A,2,55960,354390,142533,5,0,4,0,0,0,0,0,0,0,7,1,0,10,3,1,1,1,0,0.0829,0
N,A,0,354391,-93.18384,44.96876,"",1,1,1,0
L,A,0,354390,354391,142533,5,0,4,0,0,0,0,0,0,0,7,1,0,10,3,1,1,1,0,0.13203,0
L,A,1,354391,55968,142533,5,0,4,0,0,0,0,0,0,0,7,1,0,10,3,1,1,1,0,0.09322,0
L,A,2,55968,76606,142533,5,0,4,0,0,0,0,0,0,0,7,1,0,10,3,1,1,1,0,0.30391,0
L,A,0,76606,83809,142533,5,0,4,0,0,0,0,0,0,0,7,1,0,10,3,1,1,1,0,0.32302,0
L,D,1,65718,83809,142533,5,0,4,0,0,0,0,0,0,0,7,1,0,10,3,1,1,1,0,0.08417,0
L,D,1,83809,65718,182586,5,0,4,0,0,0,0,0,0,0,6,1,0,40,3,1,1,1,0,0.08417,0
L,A,2,83809,65718,142533,5,0,4,0,0,0,0,0,0,0,7,1,0,10,3,1,1,1,0,0.10162,0
